An attempt was made to duplicate a handle to an object.\r\n\r\nSubject:\r\n\tSecurity ID:\t\tS-1-5-19\r\n\tAccount Name:\t\tLOCAL SERVICE\r\n\tAccount Domain:\t\tNT AUTHORITY\r\n\tLogon ID:\t\t0x3E5\r\n\r\nSource Handle Information:\r\n\tSource Handle ID:\t0x820\r\n\tSource Process ID:\t0xb84\r\n\r\nNew Handle Information:\r\n\tTarget Handle ID:\t0x3cc8\r\n\tTarget Process ID:\t0x4                                                                                                                                                                                                                                                                                                                                                                                                                                                                                                                                                                                                                                                                                                                                                                                                                                                                                                                                                                                                                                                                                                                                                                                                                                                                                                                                                                                                                                                                                                                                                                                                                                                                                     1
Process accessed:\r\nRuleName: -\r\nUtcTime: 2020-10-29 04:16:10.181\r\nSourceProcessGUID: {39e4a257-f137-5f8b-4500-000000000700}\r\nSourceProcessId: 2948\r\nSourceThreadId: 9864\r\nSourceImage: C:\windows\system32\svchost.exe\r\nTargetProcessGUID: {39e4a257-f13e-5f8b-6700-000000000700}\r\nTargetProcessId: 4584\r\nTargetImage: C:\windows\system32\svchost.exe\r\nGrantedAccess: 0x1000\r\nCallTrace: C:\windows\SYSTEM32\ntdll.dll+9c584|C:\windows\System32\KERNELBASE.dll+305fe|c:\windows\system32\fwbase.dll+3b35|c:\windows\system32\fwbase.dll+3a89|c:\windows\system32\mpssvc.dll+b907|c:\windows\system32\mpssvc.dll+ac05|c:\windows\system32\mpssvc.dll+a934|C:\windows\System32\RPCRT4.dll+76a63|C:\windows\System32\RPCRT4.dll+da036|C:\windows\System32\RPCRT4.dll+37b7c|C:\windows\System32\RPCRT4.dll+549f8|C:\windows\System32\RPCRT4.dll+2c9b1|C:\windows\System32\RPCRT4.dll+2c26b|C:\windows\System32\RPCRT4.dll+1a8cf|C:\windows\System32\RPCRT4.dll+19d7a|C:\windows\System32\RPCRT4.dll+19361|C:\windows\System32\RPCRT4.dll+18dce|C:\windows\System32\RPCRT4.dll+16a05|C:\windows\SYSTEM32\ntdll.dll+333ed|C:\windows\SYSTEM32\ntdll.dll+34142|C:\windows\System32\KERNEL32.DLL+17c24|C:\windows\SYSTEM32\ntdll.dll+6cea1                                                                                                                                                                                                                                                                                                                                                                                                                                                                                                                                                                                                                                                                                                                                                                                                                           1
Process accessed:\r\nRuleName: -\r\nUtcTime: 2020-10-29 04:16:10.181\r\nSourceProcessGUID: {39e4a257-f137-5f8b-4500-000000000700}\r\nSourceProcessId: 2948\r\nSourceThreadId: 12260\r\nSourceImage: C:\windows\system32\svchost.exe\r\nTargetProcessGUID: {39e4a257-f137-5f8b-4600-000000000700}\r\nTargetProcessId: 2996\r\nTargetImage: C:\windows\system32\svchost.exe\r\nGrantedAccess: 0x1000\r\nCallTrace: C:\windows\SYSTEM32\ntdll.dll+9c584|C:\windows\System32\KERNELBASE.dll+305fe|c:\windows\system32\fwbase.dll+3b35|c:\windows\system32\fwbase.dll+3a89|c:\windows\system32\mpssvc.dll+b907|c:\windows\system32\mpssvc.dll+b75b|c:\windows\system32\mpssvc.dll+e1c2|C:\windows\System32\RPCRT4.dll+76a63|C:\windows\System32\RPCRT4.dll+da036|C:\windows\System32\RPCRT4.dll+37b7c|C:\windows\System32\RPCRT4.dll+549f8|C:\windows\System32\RPCRT4.dll+2c9b1|C:\windows\System32\RPCRT4.dll+2c26b|C:\windows\System32\RPCRT4.dll+1a8cf|C:\windows\System32\RPCRT4.dll+19d7a|C:\windows\System32\RPCRT4.dll+19361|C:\windows\System32\RPCRT4.dll+18dce|C:\windows\System32\RPCRT4.dll+16a05|C:\windows\SYSTEM32\ntdll.dll+333ed|C:\windows\SYSTEM32\ntdll.dll+34142|C:\windows\System32\KERNEL32.DLL+17c24|C:\windows\SYSTEM32\ntdll.dll+6cea1                                                                                                                                                                                                                                                                                                                                                                                                                                                                                                                                                                                                                                                                                                                                                                                                                          1
Process accessed:\r\nRuleName: -\r\nUtcTime: 2020-10-29 04:16:10.181\r\nSourceProcessGUID: {39e4a257-f137-5f8b-4500-000000000700}\r\nSourceProcessId: 2948\r\nSourceThreadId: 9864\r\nSourceImage: C:\windows\system32\svchost.exe\r\nTargetProcessGUID: {39e4a257-f13e-5f8b-6700-000000000700}\r\nTargetProcessId: 4584\r\nTargetImage: C:\windows\system32\svchost.exe\r\nGrantedAccess: 0x1000\r\nCallTrace: C:\windows\SYSTEM32\ntdll.dll+9c584|C:\windows\System32\KERNELBASE.dll+305fe|c:\windows\system32\fwbase.dll+3b35|c:\windows\system32\fwbase.dll+3a89|c:\windows\system32\mpssvc.dll+b907|c:\windows\system32\mpssvc.dll+b3f9|c:\windows\system32\mpssvc.dll+e084|C:\windows\System32\RPCRT4.dll+76a63|C:\windows\System32\RPCRT4.dll+da036|C:\windows\System32\RPCRT4.dll+37b7c|C:\windows\System32\RPCRT4.dll+549f8|C:\windows\System32\RPCRT4.dll+2c9b1|C:\windows\System32\RPCRT4.dll+2c26b|C:\windows\System32\RPCRT4.dll+1a8cf|C:\windows\System32\RPCRT4.dll+19d7a|C:\windows\System32\RPCRT4.dll+19361|C:\windows\System32\RPCRT4.dll+18dce|C:\windows\System32\RPCRT4.dll+16a05|C:\windows\SYSTEM32\ntdll.dll+333ed|C:\windows\SYSTEM32\ntdll.dll+799e2|C:\windows\SYSTEM32\ntdll.dll+345b4|C:\windows\System32\KERNEL32.DLL+17c24|C:\windows\SYSTEM32\ntdll.dll+6cea1                                                                                                                                                                                                                                                                                                                                                                                                                                                                                                                                                                                                                                                                                                                                                                                       1
Process accessed:\r\nRuleName: -\r\nUtcTime: 2020-10-29 04:16:10.181\r\nSourceProcessGUID: {39e4a257-f137-5f8b-4500-000000000700}\r\nSourceProcessId: 2948\r\nSourceThreadId: 5884\r\nSourceImage: C:\windows\system32\svchost.exe\r\nTargetProcessGUID: {39e4a257-f139-5f8b-5d00-000000000700}\r\nTargetProcessId: 1816\r\nTargetImage: C:\windows\system32\svchost.exe\r\nGrantedAccess: 0x1000\r\nCallTrace: C:\windows\SYSTEM32\ntdll.dll+9c584|C:\windows\System32\KERNELBASE.dll+305fe|c:\windows\system32\fwbase.dll+3b35|c:\windows\system32\fwbase.dll+3a89|c:\windows\system32\mpssvc.dll+b907|c:\windows\system32\mpssvc.dll+9d39|c:\windows\system32\mpssvc.dll+9a96|C:\windows\System32\RPCRT4.dll+76a63|C:\windows\System32\RPCRT4.dll+da036|C:\windows\System32\RPCRT4.dll+37b7c|C:\windows\System32\RPCRT4.dll+549f8|C:\windows\System32\RPCRT4.dll+2c9b1|C:\windows\System32\RPCRT4.dll+2c26b|C:\windows\System32\RPCRT4.dll+1a8cf|C:\windows\System32\RPCRT4.dll+19d7a|C:\windows\System32\RPCRT4.dll+19361|C:\windows\System32\RPCRT4.dll+18dce|C:\windows\System32\RPCRT4.dll+16a05|C:\windows\SYSTEM32\ntdll.dll+333ed|C:\windows\SYSTEM32\ntdll.dll+34142|C:\windows\System32\KERNEL32.DLL+17c24|C:\windows\SYSTEM32\ntdll.dll+6cea1                                                                                                                                                                                                                                                                                                                                                                                                                                                                                                                                                                                                                                                                                                                                                                                                                           1
Process accessed:\r\nRuleName: -\r\nUtcTime: 2020-10-29 04:16:10.181\r\nSourceProcessGUID: {39e4a257-f137-5f8b-4500-000000000700}\r\nSourceProcessId: 2948\r\nSourceThreadId: 9864\r\nSourceImage: C:\windows\system32\svchost.exe\r\nTargetProcessGUID: {39e4a257-f137-5f8b-4600-000000000700}\r\nTargetProcessId: 2996\r\nTargetImage: C:\windows\system32\svchost.exe\r\nGrantedAccess: 0x1000\r\nCallTrace: C:\windows\SYSTEM32\ntdll.dll+9c584|C:\windows\System32\KERNELBASE.dll+305fe|c:\windows\system32\fwbase.dll+3b35|c:\windows\system32\fwbase.dll+3a89|c:\windows\system32\mpssvc.dll+b907|c:\windows\system32\mpssvc.dll+b75b|c:\windows\system32\mpssvc.dll+e1c2|C:\windows\System32\RPCRT4.dll+76a63|C:\windows\System32\RPCRT4.dll+da036|C:\windows\System32\RPCRT4.dll+37b7c|C:\windows\System32\RPCRT4.dll+549f8|C:\windows\System32\RPCRT4.dll+2c9b1|C:\windows\System32\RPCRT4.dll+2c26b|C:\windows\System32\RPCRT4.dll+1a8cf|C:\windows\System32\RPCRT4.dll+19d7a|C:\windows\System32\RPCRT4.dll+19361|C:\windows\System32\RPCRT4.dll+18dce|C:\windows\System32\RPCRT4.dll+16a05|C:\windows\SYSTEM32\ntdll.dll+333ed|C:\windows\SYSTEM32\ntdll.dll+34142|C:\windows\System32\KERNEL32.DLL+17c24|C:\windows\SYSTEM32\ntdll.dll+6cea1                                                                                                                                                                                                                                                                                                                                                                                                                                                                                                                                                                                                                                                                                                                                                                                                                           1
Process accessed:\r\nRuleName: -\r\nUtcTime: 2020-10-29 04:16:10.181\r\nSourceProcessGUID: {39e4a257-f137-5f8b-4500-000000000700}\r\nSourceProcessId: 2948\r\nSourceThreadId: 5884\r\nSourceImage: C:\windows\system32\svchost.exe\r\nTargetProcessGUID: {39e4a257-f137-5f8b-4600-000000000700}\r\nTargetProcessId: 2996\r\nTargetImage: C:\windows\system32\svchost.exe\r\nGrantedAccess: 0x1000\r\nCallTrace: C:\windows\SYSTEM32\ntdll.dll+9c584|C:\windows\System32\KERNELBASE.dll+305fe|c:\windows\system32\fwbase.dll+3b35|c:\windows\system32\fwbase.dll+3a89|c:\windows\system32\mpssvc.dll+b907|c:\windows\system32\mpssvc.dll+9d39|c:\windows\system32\mpssvc.dll+9a96|C:\windows\System32\RPCRT4.dll+76a63|C:\windows\System32\RPCRT4.dll+da036|C:\windows\System32\RPCRT4.dll+37b7c|C:\windows\System32\RPCRT4.dll+549f8|C:\windows\System32\RPCRT4.dll+2c9b1|C:\windows\System32\RPCRT4.dll+2c26b|C:\windows\System32\RPCRT4.dll+1a8cf|C:\windows\System32\RPCRT4.dll+19d7a|C:\windows\System32\RPCRT4.dll+19361|C:\windows\System32\RPCRT4.dll+18dce|C:\windows\System32\RPCRT4.dll+16a05|C:\windows\SYSTEM32\ntdll.dll+333ed|C:\windows\SYSTEM32\ntdll.dll+34142|C:\windows\System32\KERNEL32.DLL+17c24|C:\windows\SYSTEM32\ntdll.dll+6cea1                                                                                                                                                                                                                                                                                                                                                                                                                                                                                                                                                                                                                                                                                                                                                                                                                           1
Process accessed:\r\nRuleName: -\r\nUtcTime: 2020-10-29 04:16:10.181\r\nSourceProcessGUID: {39e4a257-f137-5f8b-4500-000000000700}\r\nSourceProcessId: 2948\r\nSourceThreadId: 5884\r\nSourceImage: C:\windows\system32\svchost.exe\r\nTargetProcessGUID: {39e4a257-f13e-5f8b-6700-000000000700}\r\nTargetProcessId: 4584\r\nTargetImage: C:\windows\system32\svchost.exe\r\nGrantedAccess: 0x1000\r\nCallTrace: C:\windows\SYSTEM32\ntdll.dll+9c584|C:\windows\System32\KERNELBASE.dll+305fe|c:\windows\system32\fwbase.dll+3b35|c:\windows\system32\fwbase.dll+3a89|c:\windows\system32\mpssvc.dll+b907|c:\windows\system32\mpssvc.dll+b75b|c:\windows\system32\mpssvc.dll+e1c2|C:\windows\System32\RPCRT4.dll+76a63|C:\windows\System32\RPCRT4.dll+da036|C:\windows\System32\RPCRT4.dll+37b7c|C:\windows\System32\RPCRT4.dll+549f8|C:\windows\System32\RPCRT4.dll+2c9b1|C:\windows\System32\RPCRT4.dll+2c26b|C:\windows\System32\RPCRT4.dll+1a8cf|C:\windows\System32\RPCRT4.dll+19d7a|C:\windows\System32\RPCRT4.dll+19361|C:\windows\System32\RPCRT4.dll+18dce|C:\windows\System32\RPCRT4.dll+16a05|C:\windows\SYSTEM32\ntdll.dll+333ed|C:\windows\SYSTEM32\ntdll.dll+34142|C:\windows\System32\KERNEL32.DLL+17c24|C:\windows\SYSTEM32\ntdll.dll+6cea1                                                                                                                                                                                                                                                                                                                                                                                                                                                                                                                                                                                                                                                                                                                                                                                                                           1
An attempt was made to duplicate a handle to an object.\r\n\r\nSubject:\r\n\tSecurity ID:\t\tS-1-5-19\r\n\tAccount Name:\t\tLOCAL SERVICE\r\n\tAccount Domain:\t\tNT AUTHORITY\r\n\tLogon ID:\t\t0x3E5\r\n\r\nSource Handle Information:\r\n\tSource Handle ID:\t0x808\r\n\tSource Process ID:\t0xb84\r\n\r\nNew Handle Information:\r\n\tTarget Handle ID:\t0x42e0\r\n\tTarget Process ID:\t0x4                                                                                                                                                                                                                                                                                                                                                                                                                                                                                                                                                                                                                                                                                                                                                                                                                                                                                                                                                                                                                                                                                                                                                                                                                                                                                                                                                                                                                                                                                                                                                                                                                                                                                     1
An attempt was made to duplicate a handle to an object.\r\n\r\nSubject:\r\n\tSecurity ID:\t\tS-1-5-19\r\n\tAccount Name:\t\tLOCAL SERVICE\r\n\tAccount Domain:\t\tNT AUTHORITY\r\n\tLogon ID:\t\t0x3E5\r\n\r\nSource Handle Information:\r\n\tSource Handle ID:\t0x728\r\n\tSource Process ID:\t0xb84\r\n\r\nNew Handle Information:\r\n\tTarget Handle ID:\t0x2ff0\r\n\tTarget Process ID:\t0x4                                                                                                                                                                                                                                                                                                                                                                                                                                                                                                                                                                                                                                                                                                                                                                                                                                                                                                                                                                                                                                                                                                                                                                                                                                                                                                                                                                                                                                                                                                                                                                                                                                                                                     1
An attempt was made to access an object.\r\n\r\nSubject:\r\n\tSecurity ID:\t\tS-1-5-21-3940915590-64593676-1414006259-500\r\n\tAccount Name:\t\twardog\r\n\tAccount Domain:\t\tWORKSTATION5\r\n\tLogon ID:\t\t0xC61D9\r\n\r\nObject:\r\n\tObject Server:\t\tSecurity\r\n\tObject Type:\t\tKey\r\n\tObject Name:\t\t\REGISTRY\MACHINE\SOFTWARE\Microsoft\Windows NT\CurrentVersion\Winlogon\r\n\tHandle ID:\t\t0x418\r\n\tResource Attributes:\t-\r\n\r\nProcess Information:\r\n\tProcess ID:\t\t0x2b74\r\n\tProcess Name:\t\tC:\Windows\System32\netsh.exe\r\n\r\nAccess Request Information:\r\n\tAccesses:\t\tQuery key value\r\n\t\t\t\t\r\n\tAccess Mask:\t\t0x1                                                                                                                                                                                                                                                                                                                                                                                                                                                                                                                                                                                                                                                                                                                                                                                                                                                                                                                                                                                                                                                                                                                                                                                                                                                                                                                                                                                                                1
A handle to an object was requested.\r\n\r\nSubject:\r\n\tSecurity ID:\t\tS-1-5-21-3940915590-64593676-1414006259-500\r\n\tAccount Name:\t\twardog\r\n\tAccount Domain:\t\tWORKSTATION5\r\n\tLogon ID:\t\t0xC61D9\r\n\r\nObject:\r\n\tObject Server:\t\tSecurity\r\n\tObject Type:\t\tKey\r\n\tObject Name:\t\t\REGISTRY\MACHINE\SOFTWARE\Microsoft\Windows NT\CurrentVersion\Winlogon\r\n\tHandle ID:\t\t0x418\r\n\tResource Attributes:\t-\r\n\r\nProcess Information:\r\n\tProcess ID:\t\t0x2b74\r\n\tProcess Name:\t\tC:\Windows\System32\netsh.exe\r\n\r\nAccess Request Information:\r\n\tTransaction ID:\t\t{00000000-0000-0000-0000-000000000000}\r\n\tAccesses:\t\tREAD_CONTROL\r\n\t\t\t\tQuery key value\r\n\t\t\t\tEnumerate sub-keys\r\n\t\t\t\tNotify about changes to keys\r\n\t\t\t\t\r\n\tAccess Reasons:\t\t-\r\n\tAccess Mask:\t\t0x20019\r\n\tPrivileges Used for Access Check:\t-\r\n\tRestricted SID Count:\t0                                                                                                                                                                                                                                                                                                                                                                                                                                                                                                                                                                                                                                                                                                                                                                                                                                                                                                                                                                                                                                                                                                                                                 1
The handle to an object was closed.\r\n\r\nSubject :\r\n\tSecurity ID:\t\tS-1-5-21-3940915590-64593676-1414006259-500\r\n\tAccount Name:\t\twardog\r\n\tAccount Domain:\t\tWORKSTATION5\r\n\tLogon ID:\t\t0xC61D9\r\n\r\nObject:\r\n\tObject Server:\t\tSecurity\r\n\tHandle ID:\t\t0x4e64\r\n\r\nProcess Information:\r\n\tProcess ID:\t\t0x2b74\r\n\tProcess Name:\t\tC:\Windows\System32\netsh.exe                                                                                                                                                                                                                                                                                                                                                                                                                                                                                                                                                                                                                                                                                                                                                                                                                                                                                                                                                                                                                                                                                                                                                                                                                                                                                                                                                                                                                                                                                                                                                                                                                                                                                1
