An attempt was made to duplicate a handle to an object.\r\n\r\nSubject:\r\n\tSecurity ID:\t\tS-1-5-19\r\n\tAccount Name:\t\tLOCAL SERVICE\r\n\tAccount Domain:\t\tNT AUTHORITY\r\n\tLogon ID:\t\t0x3E5\r\n\r\nSource Handle Information:\r\n\tSource Handle ID:\t0x738\r\n\tSource Process ID:\t0xb84\r\n\r\nNew Handle Information:\r\n\tTarget Handle ID:\t0x1be4\r\n\tTarget Process ID:\t0x4                                                                                                                                                                                                                                                                                                                                                                                                                                                                                                                                                                                                                                                                                                                                                                                                                                                                                                                                                                                                                                                                                                                                                                                                                                                                                                                                                                                                                                                                                                                                                                                                                                                                                     3
Registry value set:\r\nRuleName: -\r\nEventType: SetValue\r\nUtcTime: 2020-10-29 04:16:08.509\r\nProcessGuid: {39e4a257-f1b3-5f8b-a700-000000000700}\r\nProcessId: 1072\r\nImage: C:\windows\Explorer.EXE\r\nTargetObject: HKU\S-1-5-21-3940915590-64593676-1414006259-500\Software\Microsoft\Windows\CurrentVersion\ActivityDataModel\ReaderRevisionInfo\A972977C-95EC-9F21-DCC4-595CA3A0E033\r\nDetails: Binary Data                                                                                                                                                                                                                                                                                                                                                                                                                                                                                                                                                                                                                                                                                                                                                                                                                                                                                                                                                                                                                                                                                                                                                                                                                                                                                                                                                                                                                                                                                                                                                                                                                                                               2
Image loaded:\r\nRuleName: -\r\nUtcTime: 2020-10-29 04:16:10.087\r\nProcessGuid: {39e4a257-4209-5f9a-3d36-000000000700}\r\nProcessId: 11124\r\nImage: C:\Windows\System32\netsh.exe\r\nImageLoaded: C:\Windows\System32\adsldpc.dll\r\nFileVersion: 10.0.18362.1 (WinBuild.160101.0800)\r\nDescription: ADs LDAP Provider C DLL\r\nProduct: Microsoft® Windows® Operating System\r\nCompany: Microsoft Corporation\r\nOriginalFileName: adsldpc\r\nHashes: SHA1=A7F37E0E0AC5369C7CA6528B6282AFCC1ACF1F45,MD5=3ECC23A415568AD67F9A0293B2D801CE,SHA256=AD0D54107118F6EBCF826F0A0E46D78D1115263F86E5C5A0452117C8A026E357,IMPHASH=7179BA3C109CDDEC2ECA5DF68BF7DC63\r\nSigned: true\r\nSignature: Microsoft Windows\r\nSignatureStatus: Valid                                                                                                                                                                                                                                                                                                                                                                                                                                                                                                                                                                                                                                                                                                                                                                                                                                                                                                                                                                                                                                                                                                                                                                                                                                                                                                                                             2
An attempt was made to duplicate a handle to an object.\r\n\r\nSubject:\r\n\tSecurity ID:\t\tS-1-5-19\r\n\tAccount Name:\t\tLOCAL SERVICE\r\n\tAccount Domain:\t\tNT AUTHORITY\r\n\tLogon ID:\t\t0x3E5\r\n\r\nSource Handle Information:\r\n\tSource Handle ID:\t0x83c\r\n\tSource Process ID:\t0xb84\r\n\r\nNew Handle Information:\r\n\tTarget Handle ID:\t0x3cc8\r\n\tTarget Process ID:\t0x4                                                                                                                                                                                                                                                                                                                                                                                                                                                                                                                                                                                                                                                                                                                                                                                                                                                                                                                                                                                                                                                                                                                                                                                                                                                                                                                                                                                                                                                                                                                                                                                                                                                                                     2
The handle to an object was closed.\r\n\r\nSubject :\r\n\tSecurity ID:\t\tS-1-5-19\r\n\tAccount Name:\t\tLOCAL SERVICE\r\n\tAccount Domain:\t\tNT AUTHORITY\r\n\tLogon ID:\t\t0x3E5\r\n\r\nObject:\r\n\tObject Server:\t\tSecurity\r\n\tHandle ID:\t\t0x4394\r\n\r\nProcess Information:\r\n\tProcess ID:\t\t0xb84\r\n\tProcess Name:\t\tC:\Windows\System32\svchost.exe                                                                                                                                                                                                                                                                                                                                                                                                                                                                                                                                                                                                                                                                                                                                                                                                                                                                                                                                                                                                                                                                                                                                                                                                                                                                                                                                                                                                                                                                                                                                                                                                                                                                                                             2
An attempt was made to duplicate a handle to an object.\r\n\r\nSubject:\r\n\tSecurity ID:\t\tS-1-5-19\r\n\tAccount Name:\t\tLOCAL SERVICE\r\n\tAccount Domain:\t\tNT AUTHORITY\r\n\tLogon ID:\t\t0x3E5\r\n\r\nSource Handle Information:\r\n\tSource Handle ID:\t0x728\r\n\tSource Process ID:\t0xb84\r\n\r\nNew Handle Information:\r\n\tTarget Handle ID:\t0x1f34\r\n\tTarget Process ID:\t0x4                                                                                                                                                                                                                                                                                                                                                                                                                                                                                                                                                                                                                                                                                                                                                                                                                                                                                                                                                                                                                                                                                                                                                                                                                                                                                                                                                                                                                                                                                                                                                                                                                                                                                     2
Process accessed:\r\nRuleName: -\r\nUtcTime: 2020-10-29 04:16:10.165\r\nSourceProcessGUID: {39e4a257-f137-5f8b-4500-000000000700}\r\nSourceProcessId: 2948\r\nSourceThreadId: 12184\r\nSourceImage: C:\windows\system32\svchost.exe\r\nTargetProcessGUID: {39e4a257-f137-5f8b-4600-000000000700}\r\nTargetProcessId: 2996\r\nTargetImage: C:\windows\system32\svchost.exe\r\nGrantedAccess: 0x1000\r\nCallTrace: C:\windows\SYSTEM32\ntdll.dll+9c584|C:\windows\System32\KERNELBASE.dll+305fe|c:\windows\system32\fwbase.dll+3b35|c:\windows\system32\fwbase.dll+3a89|c:\windows\system32\mpssvc.dll+b907|c:\windows\system32\mpssvc.dll+b3f9|c:\windows\system32\mpssvc.dll+e084|C:\windows\System32\RPCRT4.dll+76a63|C:\windows\System32\RPCRT4.dll+da036|C:\windows\System32\RPCRT4.dll+37b7c|C:\windows\System32\RPCRT4.dll+549f8|C:\windows\System32\RPCRT4.dll+2c9b1|C:\windows\System32\RPCRT4.dll+2c26b|C:\windows\System32\RPCRT4.dll+1a8cf|C:\windows\System32\RPCRT4.dll+19d7a|C:\windows\System32\RPCRT4.dll+19361|C:\windows\System32\RPCRT4.dll+18dce|C:\windows\System32\RPCRT4.dll+16a05|C:\windows\SYSTEM32\ntdll.dll+333ed|C:\windows\SYSTEM32\ntdll.dll+34142|C:\windows\System32\KERNEL32.DLL+17c24|C:\windows\SYSTEM32\ntdll.dll+6cea1                                                                                                                                                                                                                                                                                                                                                                                                                                                                                                                                                                                                                                                                                                                                                                                                                          2
Process accessed:\r\nRuleName: -\r\nUtcTime: 2020-10-29 04:16:10.165\r\nSourceProcessGUID: {39e4a257-f137-5f8b-4500-000000000700}\r\nSourceProcessId: 2948\r\nSourceThreadId: 12184\r\nSourceImage: C:\windows\system32\svchost.exe\r\nTargetProcessGUID: {39e4a257-f139-5f8b-5d00-000000000700}\r\nTargetProcessId: 1816\r\nTargetImage: C:\windows\system32\svchost.exe\r\nGrantedAccess: 0x1000\r\nCallTrace: C:\windows\SYSTEM32\ntdll.dll+9c584|C:\windows\System32\KERNELBASE.dll+305fe|c:\windows\system32\fwbase.dll+3b35|c:\windows\system32\fwbase.dll+3a89|c:\windows\system32\mpssvc.dll+b907|c:\windows\system32\mpssvc.dll+b75b|c:\windows\system32\mpssvc.dll+e1c2|C:\windows\System32\RPCRT4.dll+76a63|C:\windows\System32\RPCRT4.dll+da036|C:\windows\System32\RPCRT4.dll+37b7c|C:\windows\System32\RPCRT4.dll+549f8|C:\windows\System32\RPCRT4.dll+2c9b1|C:\windows\System32\RPCRT4.dll+2c26b|C:\windows\System32\RPCRT4.dll+1a8cf|C:\windows\System32\RPCRT4.dll+19d7a|C:\windows\System32\RPCRT4.dll+19361|C:\windows\System32\RPCRT4.dll+18dce|C:\windows\System32\RPCRT4.dll+16a05|C:\windows\SYSTEM32\ntdll.dll+333ed|C:\windows\SYSTEM32\ntdll.dll+34142|C:\windows\System32\KERNEL32.DLL+17c24|C:\windows\SYSTEM32\ntdll.dll+6cea1                                                                                                                                                                                                                                                                                                                                                                                                                                                                                                                                                                                                                                                                                                                                                                                                                          2
Process accessed:\r\nRuleName: -\r\nUtcTime: 2020-10-29 04:16:10.181\r\nSourceProcessGUID: {39e4a257-f137-5f8b-4500-000000000700}\r\nSourceProcessId: 2948\r\nSourceThreadId: 12184\r\nSourceImage: C:\windows\system32\svchost.exe\r\nTargetProcessGUID: {39e4a257-f1bb-5f8b-b400-000000000700}\r\nTargetProcessId: 6860\r\nTargetImage: C:\windows\System32\svchost.exe\r\nGrantedAccess: 0x1000\r\nCallTrace: C:\windows\SYSTEM32\ntdll.dll+9c584|C:\windows\System32\KERNELBASE.dll+305fe|c:\windows\system32\fwbase.dll+3b35|c:\windows\system32\fwbase.dll+3a89|c:\windows\system32\mpssvc.dll+b907|c:\windows\system32\mpssvc.dll+b75b|c:\windows\system32\mpssvc.dll+e1c2|C:\windows\System32\RPCRT4.dll+76a63|C:\windows\System32\RPCRT4.dll+da036|C:\windows\System32\RPCRT4.dll+37b7c|C:\windows\System32\RPCRT4.dll+549f8|C:\windows\System32\RPCRT4.dll+2c9b1|C:\windows\System32\RPCRT4.dll+2c26b|C:\windows\System32\RPCRT4.dll+1a8cf|C:\windows\System32\RPCRT4.dll+19d7a|C:\windows\System32\RPCRT4.dll+19361|C:\windows\System32\RPCRT4.dll+18dce|C:\windows\System32\RPCRT4.dll+16a05|C:\windows\SYSTEM32\ntdll.dll+333ed|C:\windows\SYSTEM32\ntdll.dll+34142|C:\windows\System32\KERNEL32.DLL+17c24|C:\windows\SYSTEM32\ntdll.dll+6cea1                                                                                                                                                                                                                                                                                                                                                                                                                                                                                                                                                                                                                                                                                                                                                                                                                          2
Process accessed:\r\nRuleName: -\r\nUtcTime: 2020-10-29 04:16:10.181\r\nSourceProcessGUID: {39e4a257-f137-5f8b-4500-000000000700}\r\nSourceProcessId: 2948\r\nSourceThreadId: 12184\r\nSourceImage: C:\windows\system32\svchost.exe\r\nTargetProcessGUID: {39e4a257-f137-5f8b-4600-000000000700}\r\nTargetProcessId: 2996\r\nTargetImage: C:\windows\system32\svchost.exe\r\nGrantedAccess: 0x1000\r\nCallTrace: C:\windows\SYSTEM32\ntdll.dll+9c584|C:\windows\System32\KERNELBASE.dll+305fe|c:\windows\system32\fwbase.dll+3b35|c:\windows\system32\fwbase.dll+3a89|c:\windows\system32\mpssvc.dll+b907|c:\windows\system32\mpssvc.dll+a3c8|c:\windows\system32\mpssvc.dll+a1a6|C:\windows\System32\RPCRT4.dll+76a63|C:\windows\System32\RPCRT4.dll+da036|C:\windows\System32\RPCRT4.dll+37b7c|C:\windows\System32\RPCRT4.dll+549f8|C:\windows\System32\RPCRT4.dll+2c9b1|C:\windows\System32\RPCRT4.dll+2c26b|C:\windows\System32\RPCRT4.dll+1a8cf|C:\windows\System32\RPCRT4.dll+19d7a|C:\windows\System32\RPCRT4.dll+19361|C:\windows\System32\RPCRT4.dll+18dce|C:\windows\System32\RPCRT4.dll+16a05|C:\windows\SYSTEM32\ntdll.dll+333ed|C:\windows\SYSTEM32\ntdll.dll+34142|C:\windows\System32\KERNEL32.DLL+17c24|C:\windows\SYSTEM32\ntdll.dll+6cea1                                                                                                                                                                                                                                                                                                                                                                                                                                                                                                                                                                                                                                                                                                                                                                                                                          2
Process accessed:\r\nRuleName: -\r\nUtcTime: 2020-10-29 04:16:10.181\r\nSourceProcessGUID: {39e4a257-f137-5f8b-4500-000000000700}\r\nSourceProcessId: 2948\r\nSourceThreadId: 5884\r\nSourceImage: C:\windows\system32\svchost.exe\r\nTargetProcessGUID: {39e4a257-f1bb-5f8b-b400-000000000700}\r\nTargetProcessId: 6860\r\nTargetImage: C:\windows\System32\svchost.exe\r\nGrantedAccess: 0x1000\r\nCallTrace: C:\windows\SYSTEM32\ntdll.dll+9c584|C:\windows\System32\KERNELBASE.dll+305fe|c:\windows\system32\fwbase.dll+3b35|c:\windows\system32\fwbase.dll+3a89|c:\windows\system32\mpssvc.dll+b907|c:\windows\system32\mpssvc.dll+b75b|c:\windows\system32\mpssvc.dll+e1c2|C:\windows\System32\RPCRT4.dll+76a63|C:\windows\System32\RPCRT4.dll+da036|C:\windows\System32\RPCRT4.dll+37b7c|C:\windows\System32\RPCRT4.dll+549f8|C:\windows\System32\RPCRT4.dll+2c9b1|C:\windows\System32\RPCRT4.dll+2c26b|C:\windows\System32\RPCRT4.dll+1a8cf|C:\windows\System32\RPCRT4.dll+19d7a|C:\windows\System32\RPCRT4.dll+19361|C:\windows\System32\RPCRT4.dll+18dce|C:\windows\System32\RPCRT4.dll+16a05|C:\windows\SYSTEM32\ntdll.dll+333ed|C:\windows\SYSTEM32\ntdll.dll+34142|C:\windows\System32\KERNEL32.DLL+17c24|C:\windows\SYSTEM32\ntdll.dll+6cea1                                                                                                                                                                                                                                                                                                                                                                                                                                                                                                                                                                                                                                                                                                                                                                                                                           2
Process accessed:\r\nRuleName: -\r\nUtcTime: 2020-10-29 04:16:10.181\r\nSourceProcessGUID: {39e4a257-f137-5f8b-4500-000000000700}\r\nSourceProcessId: 2948\r\nSourceThreadId: 12184\r\nSourceImage: C:\windows\system32\svchost.exe\r\nTargetProcessGUID: {39e4a257-f13e-5f8b-6700-000000000700}\r\nTargetProcessId: 4584\r\nTargetImage: C:\windows\system32\svchost.exe\r\nGrantedAccess: 0x1000\r\nCallTrace: C:\windows\SYSTEM32\ntdll.dll+9c584|C:\windows\System32\KERNELBASE.dll+305fe|c:\windows\system32\fwbase.dll+3b35|c:\windows\system32\fwbase.dll+3a89|c:\windows\system32\mpssvc.dll+b907|c:\windows\system32\mpssvc.dll+b75b|c:\windows\system32\mpssvc.dll+e1c2|C:\windows\System32\RPCRT4.dll+76a63|C:\windows\System32\RPCRT4.dll+da036|C:\windows\System32\RPCRT4.dll+37b7c|C:\windows\System32\RPCRT4.dll+549f8|C:\windows\System32\RPCRT4.dll+2c9b1|C:\windows\System32\RPCRT4.dll+2c26b|C:\windows\System32\RPCRT4.dll+1a8cf|C:\windows\System32\RPCRT4.dll+19d7a|C:\windows\System32\RPCRT4.dll+19361|C:\windows\System32\RPCRT4.dll+18dce|C:\windows\System32\RPCRT4.dll+16a05|C:\windows\SYSTEM32\ntdll.dll+333ed|C:\windows\SYSTEM32\ntdll.dll+34142|C:\windows\System32\KERNEL32.DLL+17c24|C:\windows\SYSTEM32\ntdll.dll+6cea1                                                                                                                                                                                                                                                                                                                                                                                                                                                                                                                                                                                                                                                                                                                                                                                                                          2
An attempt was made to duplicate a handle to an object.\r\n\r\nSubject:\r\n\tSecurity ID:\t\tS-1-5-19\r\n\tAccount Name:\t\tLOCAL SERVICE\r\n\tAccount Domain:\t\tNT AUTHORITY\r\n\tLogon ID:\t\t0x3E5\r\n\r\nSource Handle Information:\r\n\tSource Handle ID:\t0x808\r\n\tSource Process ID:\t0xb84\r\n\r\nNew Handle Information:\r\n\tTarget Handle ID:\t0x4de0\r\n\tTarget Process ID:\t0x4                                                                                                                                                                                                                                                                                                                                                                                                                                                                                                                                                                                                                                                                                                                                                                                                                                                                                                                                                                                                                                                                                                                                                                                                                                                                                                                                                                                                                                                                                                                                                                                                                                                                                     2
An attempt was made to duplicate a handle to an object.\r\n\r\nSubject:\r\n\tSecurity ID:\t\tS-1-5-19\r\n\tAccount Name:\t\tLOCAL SERVICE\r\n\tAccount Domain:\t\tNT AUTHORITY\r\n\tLogon ID:\t\t0x3E5\r\n\r\nSource Handle Information:\r\n\tSource Handle ID:\t0x820\r\n\tSource Process ID:\t0xb84\r\n\r\nNew Handle Information:\r\n\tTarget Handle ID:\t0x4de0\r\n\tTarget Process ID:\t0x4                                                                                                                                                                                                                                                                                                                                                                                                                                                                                                                                                                                                                                                                                                                                                                                                                                                                                                                                                                                                                                                                                                                                                                                                                                                                                                                                                                                                                                                                                                                                                                                                                                                                                     2
An attempt was made to duplicate a handle to an object.\r\n\r\nSubject:\r\n\tSecurity ID:\t\tS-1-5-19\r\n\tAccount Name:\t\tLOCAL SERVICE\r\n\tAccount Domain:\t\tNT AUTHORITY\r\n\tLogon ID:\t\t0x3E5\r\n\r\nSource Handle Information:\r\n\tSource Handle ID:\t0x664\r\n\tSource Process ID:\t0xb84\r\n\r\nNew Handle Information:\r\n\tTarget Handle ID:\t0x2ff0\r\n\tTarget Process ID:\t0x4                                                                                                                                                                                                                                                                                                                                                                                                                                                                                                                                                                                                                                                                                                                                                                                                                                                                                                                                                                                                                                                                                                                                                                                                                                                                                                                                                                                                                                                                                                                                                                                                                                                                                     2
An attempt was made to duplicate a handle to an object.\r\n\r\nSubject:\r\n\tSecurity ID:\t\tS-1-5-19\r\n\tAccount Name:\t\tLOCAL SERVICE\r\n\tAccount Domain:\t\tNT AUTHORITY\r\n\tLogon ID:\t\t0x3E5\r\n\r\nSource Handle Information:\r\n\tSource Handle ID:\t0x808\r\n\tSource Process ID:\t0xb84\r\n\r\nNew Handle Information:\r\n\tTarget Handle ID:\t0x4e64\r\n\tTarget Process ID:\t0x4                                                                                                                                                                                                                                                                                                                                                                                                                                                                                                                                                                                                                                                                                                                                                                                                                                                                                                                                                                                                                                                                                                                                                                                                                                                                                                                                                                                                                                                                                                                                                                                                                                                                                     2
Process accessed:\r\nRuleName: -\r\nUtcTime: 2020-10-29 04:16:10.197\r\nSourceProcessGUID: {39e4a257-f132-5f8b-1000-000000000700}\r\nSourceProcessId: 944\r\nSourceThreadId: 7632\r\nSourceImage: C:\windows\system32\svchost.exe\r\nTargetProcessGUID: {39e4a257-f139-5f8b-5d00-000000000700}\r\nTargetProcessId: 1816\r\nTargetImage: C:\windows\system32\svchost.exe\r\nGrantedAccess: 0x1000\r\nCallTrace: C:\windows\SYSTEM32\ntdll.dll+9c584|C:\windows\SYSTEM32\psmserviceexthost.dll+222a3|C:\windows\SYSTEM32\psmserviceexthost.dll+1a172|C:\windows\SYSTEM32\psmserviceexthost.dll+19e3b|C:\windows\SYSTEM32\psmserviceexthost.dll+19318|C:\windows\SYSTEM32\ntdll.dll+3081d|C:\windows\SYSTEM32\ntdll.dll+345b4|C:\windows\System32\KERNEL32.DLL+17c24|C:\windows\SYSTEM32\ntdll.dll+6cea1                                                                                                                                                                                                                                                                                                                                                                                                                                                                                                                                                                                                                                                                                                                                                                                                                                                                                                                                                                                                                                                                                                                                                                                                                                                                                2
Process accessed:\r\nRuleName: -\r\nUtcTime: 2020-10-29 04:16:10.197\r\nSourceProcessGUID: {39e4a257-f132-5f8b-1000-000000000700}\r\nSourceProcessId: 944\r\nSourceThreadId: 7728\r\nSourceImage: C:\windows\system32\svchost.exe\r\nTargetProcessGUID: {39e4a257-f137-5f8b-4500-000000000700}\r\nTargetProcessId: 2948\r\nTargetImage: C:\windows\system32\svchost.exe\r\nGrantedAccess: 0x1000\r\nCallTrace: C:\windows\SYSTEM32\ntdll.dll+9c584|C:\windows\SYSTEM32\psmserviceexthost.dll+222a3|C:\windows\SYSTEM32\psmserviceexthost.dll+1a172|C:\windows\SYSTEM32\psmserviceexthost.dll+19e3b|C:\windows\SYSTEM32\psmserviceexthost.dll+19318|C:\windows\SYSTEM32\ntdll.dll+3081d|C:\windows\SYSTEM32\ntdll.dll+345b4|C:\windows\System32\KERNEL32.DLL+17c24|C:\windows\SYSTEM32\ntdll.dll+6cea1                                                                                                                                                                                                                                                                                                                                                                                                                                                                                                                                                                                                                                                                                                                                                                                                                                                                                                                                                                                                                                                                                                                                                                                                                                                                                2
Process accessed:\r\nRuleName: -\r\nUtcTime: 2020-10-29 04:16:10.197\r\nSourceProcessGUID: {39e4a257-f137-5f8b-4500-000000000700}\r\nSourceProcessId: 2948\r\nSourceThreadId: 12260\r\nSourceImage: C:\windows\system32\svchost.exe\r\nTargetProcessGUID: {39e4a257-f1bb-5f8b-b400-000000000700}\r\nTargetProcessId: 6860\r\nTargetImage: C:\windows\System32\svchost.exe\r\nGrantedAccess: 0x1000\r\nCallTrace: C:\windows\SYSTEM32\ntdll.dll+9c584|C:\windows\System32\KERNELBASE.dll+305fe|c:\windows\system32\fwbase.dll+3b35|c:\windows\system32\fwbase.dll+3a89|c:\windows\system32\mpssvc.dll+b907|c:\windows\system32\mpssvc.dll+a3c8|c:\windows\system32\mpssvc.dll+a1a6|C:\windows\System32\RPCRT4.dll+76a63|C:\windows\System32\RPCRT4.dll+da036|C:\windows\System32\RPCRT4.dll+37b7c|C:\windows\System32\RPCRT4.dll+549f8|C:\windows\System32\RPCRT4.dll+2c9b1|C:\windows\System32\RPCRT4.dll+2c26b|C:\windows\System32\RPCRT4.dll+1a8cf|C:\windows\System32\RPCRT4.dll+19d7a|C:\windows\System32\RPCRT4.dll+19361|C:\windows\System32\RPCRT4.dll+18dce|C:\windows\System32\RPCRT4.dll+16a05|C:\windows\SYSTEM32\ntdll.dll+333ed|C:\windows\SYSTEM32\ntdll.dll+34142|C:\windows\System32\KERNEL32.DLL+17c24|C:\windows\SYSTEM32\ntdll.dll+6cea1                                                                                                                                                                                                                                                                                                                                                                                                                                                                                                                                                                                                                                                                                                                                                                                                                          2
An attempt was made to duplicate a handle to an object.\r\n\r\nSubject:\r\n\tSecurity ID:\t\tS-1-5-19\r\n\tAccount Name:\t\tLOCAL SERVICE\r\n\tAccount Domain:\t\tNT AUTHORITY\r\n\tLogon ID:\t\t0x3E5\r\n\r\nSource Handle Information:\r\n\tSource Handle ID:\t0x750\r\n\tSource Process ID:\t0xb84\r\n\r\nNew Handle Information:\r\n\tTarget Handle ID:\t0x21d0\r\n\tTarget Process ID:\t0x4                                                                                                                                                                                                                                                                                                                                                                                                                                                                                                                                                                                                                                                                                                                                                                                                                                                                                                                                                                                                                                                                                                                                                                                                                                                                                                                                                                                                                                                                                                                                                                                                                                                                                     2
An attempt was made to duplicate a handle to an object.\r\n\r\nSubject:\r\n\tSecurity ID:\t\tS-1-5-19\r\n\tAccount Name:\t\tLOCAL SERVICE\r\n\tAccount Domain:\t\tNT AUTHORITY\r\n\tLogon ID:\t\t0x3E5\r\n\r\nSource Handle Information:\r\n\tSource Handle ID:\t0x808\r\n\tSource Process ID:\t0xb84\r\n\r\nNew Handle Information:\r\n\tTarget Handle ID:\t0x2c78\r\n\tTarget Process ID:\t0x4                                                                                                                                                                                                                                                                                                                                                                                                                                                                                                                                                                                                                                                                                                                                                                                                                                                                                                                                                                                                                                                                                                                                                                                                                                                                                                                                                                                                                                                                                                                                                                                                                                                                                     2
The Windows Filtering Platform has permitted a connection.\r\n\r\nApplication Information:\r\n\tProcess ID:\t\t1040\r\n\tApplication Name:\t\device\harddiskvolume2\windows\system32\svchost.exe\r\n\r\nNetwork Information:\r\n\tDirection:\t\tInbound\r\n\tSource Address:\t\t71.114.99.41\r\n\tSource Port:\t\t52342\r\n\tDestination Address:\t192.168.2.5\r\n\tDestination Port:\t\t3389\r\n\tProtocol:\t\t6\r\n\r\nFilter Information:\r\n\tFilter Run-Time ID:\t70566\r\n\tLayer Name:\t\tReceive/Accept\r\n\tLayer Run-Time ID:\t44                                                                                                                                                                                                                                                                                                                                                                                                                                                                                                                                                                                                                                                                                                                                                                                                                                                                                                                                                                                                                                                                                                                                                                                                                                                                                                                                                                                                                                                                                                                                          2
Process accessed:\r\nRuleName: -\r\nUtcTime: 2020-10-29 04:16:10.322\r\nSourceProcessGUID: {39e4a257-f137-5f8b-4500-000000000700}\r\nSourceProcessId: 2948\r\nSourceThreadId: 9864\r\nSourceImage: C:\windows\system32\svchost.exe\r\nTargetProcessGUID: {39e4a257-f139-5f8b-5d00-000000000700}\r\nTargetProcessId: 1816\r\nTargetImage: C:\windows\system32\svchost.exe\r\nGrantedAccess: 0x1000\r\nCallTrace: C:\windows\SYSTEM32\ntdll.dll+9c584|C:\windows\System32\KERNELBASE.dll+305fe|c:\windows\system32\fwbase.dll+3b35|c:\windows\system32\fwbase.dll+3a89|c:\windows\system32\mpssvc.dll+b907|c:\windows\system32\mpssvc.dll+b3f9|c:\windows\system32\mpssvc.dll+e084|C:\windows\System32\RPCRT4.dll+76a63|C:\windows\System32\RPCRT4.dll+da036|C:\windows\System32\RPCRT4.dll+37b7c|C:\windows\System32\RPCRT4.dll+549f8|C:\windows\System32\RPCRT4.dll+2c9b1|C:\windows\System32\RPCRT4.dll+2c26b|C:\windows\System32\RPCRT4.dll+1a8cf|C:\windows\System32\RPCRT4.dll+19d7a|C:\windows\System32\RPCRT4.dll+19361|C:\windows\System32\RPCRT4.dll+18dce|C:\windows\System32\RPCRT4.dll+16a05|C:\windows\SYSTEM32\ntdll.dll+333ed|C:\windows\SYSTEM32\ntdll.dll+34142|C:\windows\System32\KERNEL32.DLL+17c24|C:\windows\SYSTEM32\ntdll.dll+6cea1                                                                                                                                                                                                                                                                                                                                                                                                                                                                                                                                                                                                                                                                                                                                                                                                                           2
